# JRE version: OpenJDK Runtime Environment (8.0_76-b03) (build 1.8.0_76-release-b03)
# Java VM: OpenJDK 64-Bit Server VM (25.76-b03 mixed mode linux-amd64 compressed oops)
Heap:
 PSYoungGen      total 323584K, used 167656K [0x00000000d5580000, 0x00000000f3400000, 0x0000000100000000)
  eden space 295936K, 53% used [0x00000000d5580000,0x00000000def0ff68,0x00000000e7680000)
  from space 27648K, 37% used [0x00000000e7680000,0x00000000e80aa3f0,0x00000000e9180000)
  to   space 26624K, 0% used [0x00000000f1a00000,0x00000000f1a00000,0x00000000f3400000)
 ParOldGen       total 87040K, used 44397K [0x0000000080000000, 0x0000000085500000, 0x00000000d5580000)
  object space 87040K, 51% used [0x0000000080000000,0x0000000082b5b440,0x0000000085500000)
 Metaspace       used 57778K, capacity 60224K, committed 60416K, reserved 1101824K
  class space    used 7760K, capacity 8356K, committed 8448K, reserved 1048576K
GC Heap History (10 events):
Event: 23.043 GC heap before
{Heap before GC invocations=8 (full 2):
 PSYoungGen      total 208896K, used 11822K [0x00000000d5580000, 0x00000000e3600000, 0x0000000100000000)
  eden space 196608K, 0% used [0x00000000d5580000,0x00000000d5580000,0x00000000e1580000)
  from space 12288K, 96% used [0x00000000e2a00000,0x00000000e358b928,0x00000000e3600000)
  to   space 14848K, 0% used [0x00000000e1900000,0x00000000e1900000,0x00000000e2780000)
 ParOldGen       total 64000K, used 18368K [0x0000000080000000, 0x0000000083e80000, 0x00000000d5580000)
  object space 64000K, 28% used [0x0000000080000000,0x00000000811f01b0,0x0000000083e80000)
 Metaspace       used 34394K, capacity 35150K, committed 35456K, reserved 1079296K
  class space    used 4634K, capacity 4867K, committed 4992K, reserved 1048576K
Event: 23.236 GC heap after
Heap after GC invocations=8 (full 2):
 PSYoungGen      total 208896K, used 0K [0x00000000d5580000, 0x00000000e3600000, 0x0000000100000000)
  eden space 196608K, 0% used [0x00000000d5580000,0x00000000d5580000,0x00000000e1580000)
  from space 12288K, 0% used [0x00000000e2a00000,0x00000000e2a00000,0x00000000e3600000)
  to   space 14848K, 0% used [0x00000000e1900000,0x00000000e1900000,0x00000000e2780000)
 ParOldGen       total 87040K, used 19410K [0x0000000080000000, 0x0000000085500000, 0x00000000d5580000)
  object space 87040K, 22% used [0x0000000080000000,0x00000000812f49b0,0x0000000085500000)
 Metaspace       used 34394K, capacity 35150K, committed 35456K, reserved 1079296K
  class space    used 4634K, capacity 4867K, committed 4992K, reserved 1048576K
}
Event: 28.182 GC heap before
{Heap before GC invocations=9 (full 2):
 PSYoungGen      total 208896K, used 196608K [0x00000000d5580000, 0x00000000e3600000, 0x0000000100000000)
  eden space 196608K, 100% used [0x00000000d5580000,0x00000000e1580000,0x00000000e1580000)
  from space 12288K, 0% used [0x00000000e2a00000,0x00000000e2a00000,0x00000000e3600000)
  to   space 14848K, 0% used [0x00000000e1900000,0x00000000e1900000,0x00000000e2780000)
 ParOldGen       total 87040K, used 19410K [0x0000000080000000, 0x0000000085500000, 0x00000000d5580000)
  object space 87040K, 22% used [0x0000000080000000,0x00000000812f49b0,0x0000000085500000)
 Metaspace       used 45905K, capacity 47282K, committed 47488K, reserved 1089536K
  class space    used 6163K, capacity 6508K, committed 6528K, reserved 1048576K
Event: 28.212 GC heap after
Heap after GC invocations=9 (full 2):
 PSYoungGen      total 215040K, used 14842K [0x00000000d5580000, 0x00000000ea480000, 0x0000000100000000)
  eden space 200192K, 0% used [0x00000000d5580000,0x00000000d5580000,0x00000000e1900000)
  from space 14848K, 99% used [0x00000000e1900000,0x00000000e277eb40,0x00000000e2780000)
  to   space 19456K, 0% used [0x00000000e9180000,0x00000000e9180000,0x00000000ea480000)
 ParOldGen       total 87040K, used 23619K [0x0000000080000000, 0x0000000085500000, 0x00000000d5580000)
  object space 87040K, 27% used [0x0000000080000000,0x0000000081710cc8,0x0000000085500000)
 Metaspace       used 45905K, capacity 47282K, committed 47488K, reserved 1089536K
  class space    used 6163K, capacity 6508K, committed 6528K, reserved 1048576K
}
Event: 30.627 GC heap before
{Heap before GC invocations=10 (full 2):
 PSYoungGen      total 215040K, used 166691K [0x00000000d5580000, 0x00000000ea480000, 0x0000000100000000)
  eden space 200192K, 75% used [0x00000000d5580000,0x00000000de9ca308,0x00000000e1900000)
  from space 14848K, 99% used [0x00000000e1900000,0x00000000e277eb40,0x00000000e2780000)
  to   space 19456K, 0% used [0x00000000e9180000,0x00000000e9180000,0x00000000ea480000)
 ParOldGen       total 87040K, used 23619K [0x0000000080000000, 0x0000000085500000, 0x00000000d5580000)
  object space 87040K, 27% used [0x0000000080000000,0x0000000081710cc8,0x0000000085500000)
 Metaspace       used 51930K, capacity 54028K, committed 54272K, reserved 1095680K
  class space    used 7094K, capacity 7680K, committed 7680K, reserved 1048576K
Event: 30.673 GC heap after
Heap after GC invocations=10 (full 2):
 PSYoungGen      total 315392K, used 19440K [0x00000000d5580000, 0x00000000eb480000, 0x0000000100000000)
  eden space 295936K, 0% used [0x00000000d5580000,0x00000000d5580000,0x00000000e7680000)
  from space 19456K, 99% used [0x00000000e9180000,0x00000000ea47c128,0x00000000ea480000)
  to   space 27648K, 0% used [0x00000000e7680000,0x00000000e7680000,0x00000000e9180000)
 ParOldGen       total 87040K, used 35422K [0x0000000080000000, 0x0000000085500000, 0x00000000d5580000)
  object space 87040K, 40% used [0x0000000080000000,0x0000000082297bb0,0x0000000085500000)
 Metaspace       used 51930K, capacity 54028K, committed 54272K, reserved 1095680K
  class space    used 7094K, capacity 7680K, committed 7680K, reserved 1048576K
}
Event: 30.673 GC heap before
{Heap before GC invocations=11 (full 3):
 PSYoungGen      total 315392K, used 19440K [0x00000000d5580000, 0x00000000eb480000, 0x0000000100000000)
  eden space 295936K, 0% used [0x00000000d5580000,0x00000000d5580000,0x00000000e7680000)
  from space 19456K, 99% used [0x00000000e9180000,0x00000000ea47c128,0x00000000ea480000)
  to   space 27648K, 0% used [0x00000000e7680000,0x00000000e7680000,0x00000000e9180000)
 ParOldGen       total 87040K, used 35422K [0x0000000080000000, 0x0000000085500000, 0x00000000d5580000)
  object space 87040K, 40% used [0x0000000080000000,0x0000000082297bb0,0x0000000085500000)
 Metaspace       used 51930K, capacity 54028K, committed 54272K, reserved 1095680K
  class space    used 7094K, capacity 7680K, committed 7680K, reserved 1048576K
Event: 31.108 GC heap after
Heap after GC invocations=11 (full 3):
 PSYoungGen      total 315392K, used 0K [0x00000000d5580000, 0x00000000eb480000, 0x0000000100000000)
  eden space 295936K, 0% used [0x00000000d5580000,0x00000000d5580000,0x00000000e7680000)
  from space 19456K, 0% used [0x00000000e9180000,0x00000000e9180000,0x00000000ea480000)
  to   space 27648K, 0% used [0x00000000e7680000,0x00000000e7680000,0x00000000e9180000)
 ParOldGen       total 87040K, used 44389K [0x0000000080000000, 0x0000000085500000, 0x00000000d5580000)
  object space 87040K, 50% used [0x0000000080000000,0x0000000082b59440,0x0000000085500000)
 Metaspace       used 51930K, capacity 54028K, committed 54272K, reserved 1095680K
  class space    used 7094K, capacity 7680K, committed 7680K, reserved 1048576K
}
Event: 219.728 GC heap before
{Heap before GC invocations=12 (full 3):
 PSYoungGen      total 315392K, used 295936K [0x00000000d5580000, 0x00000000eb480000, 0x0000000100000000)
  eden space 295936K, 100% used [0x00000000d5580000,0x00000000e7680000,0x00000000e7680000)
  from space 19456K, 0% used [0x00000000e9180000,0x00000000e9180000,0x00000000ea480000)
  to   space 27648K, 0% used [0x00000000e7680000,0x00000000e7680000,0x00000000e9180000)
 ParOldGen       total 87040K, used 44389K [0x0000000080000000, 0x0000000085500000, 0x00000000d5580000)
  object space 87040K, 50% used [0x0000000080000000,0x0000000082b59440,0x0000000085500000)
 Metaspace       used 56635K, capacity 58970K, committed 59264K, reserved 1099776K
  class space    used 7616K, capacity 8193K, committed 8320K, reserved 1048576K
Event: 219.754 GC heap after
Heap after GC invocations=12 (full 3):
 PSYoungGen      total 323584K, used 10408K [0x00000000d5580000, 0x00000000f3400000, 0x0000000100000000)
  eden space 295936K, 0% used [0x00000000d5580000,0x00000000d5580000,0x00000000e7680000)
  from space 27648K, 37% used [0x00000000e7680000,0x00000000e80aa3f0,0x00000000e9180000)
  to   space 26624K, 0% used [0x00000000f1a00000,0x00000000f1a00000,0x00000000f3400000)
 ParOldGen       total 87040K, used 44397K [0x0000000080000000, 0x0000000085500000, 0x00000000d5580000)
  object space 87040K, 51% used [0x0000000080000000,0x0000000082b5b440,0x0000000085500000)
 Metaspace       used 56635K, capacity 58970K, committed 59264K, reserved 1099776K
  class space    used 7616K, capacity 8193K, committed 8320K, reserved 1048576K
}

