# JRE version: OpenJDK Runtime Environment (8.0_76-b03) (build 1.8.0_76-release-b03)
# Java VM: OpenJDK 64-Bit Server VM (25.76-b03 mixed mode linux-amd64 compressed oops)
Heap:
 PSYoungGen      total 465920K, used 333334K [0x00000000d5580000, 0x0000000100000000, 0x0000000100000000)
  eden space 232960K, 100% used [0x00000000d5580000,0x00000000e3900000,0x00000000e3900000)
  from space 232960K, 43% used [0x00000000e3900000,0x00000000e9b05978,0x00000000f1c80000)
  to   space 232960K, 37% used [0x00000000f1c80000,0x00000000f72608d8,0x0000000100000000)
 ParOldGen       total 487424K, used 277851K [0x0000000080000000, 0x000000009dc00000, 0x00000000d5580000)
  object space 487424K, 57% used [0x0000000080000000,0x0000000090f56ca8,0x000000009dc00000)
 Metaspace       used 87198K, capacity 92182K, committed 92544K, reserved 1130496K
  class space    used 10997K, capacity 12040K, committed 12160K, reserved 1048576K
GC Heap History (10 events):
Event: 1204.731 GC heap after
Heap after GC invocations=72 (full 12):
 PSYoungGen      total 465920K, used 232929K [0x00000000d5580000, 0x0000000100000000, 0x0000000100000000)
  eden space 232960K, 0% used [0x00000000d5580000,0x00000000d5580000,0x00000000e3900000)
  from space 232960K, 99% used [0x00000000f1c80000,0x00000000ffff8730,0x0000000100000000)
  to   space 232960K, 0% used [0x00000000e3900000,0x00000000e3900000,0x00000000f1c80000)
 ParOldGen       total 482816K, used 348937K [0x0000000080000000, 0x000000009d780000, 0x00000000d5580000)
  object space 482816K, 72% used [0x0000000080000000,0x00000000954c27b0,0x000000009d780000)
 Metaspace       used 87196K, capacity 92182K, committed 92544K, reserved 1130496K
  class space    used 10997K, capacity 12040K, committed 12160K, reserved 1048576K
}
Event: 1205.982 GC heap before
{Heap before GC invocations=73 (full 12):
 PSYoungGen      total 465920K, used 465889K [0x00000000d5580000, 0x0000000100000000, 0x0000000100000000)
  eden space 232960K, 100% used [0x00000000d5580000,0x00000000e3900000,0x00000000e3900000)
  from space 232960K, 99% used [0x00000000f1c80000,0x00000000ffff8730,0x0000000100000000)
  to   space 232960K, 0% used [0x00000000e3900000,0x00000000e3900000,0x00000000f1c80000)
 ParOldGen       total 482816K, used 348937K [0x0000000080000000, 0x000000009d780000, 0x00000000d5580000)
  object space 482816K, 72% used [0x0000000080000000,0x00000000954c27b0,0x000000009d780000)
 Metaspace       used 87197K, capacity 92182K, committed 92544K, reserved 1130496K
  class space    used 10997K, capacity 12040K, committed 12160K, reserved 1048576K
Event: 1206.515 GC heap after
Heap after GC invocations=73 (full 12):
 PSYoungGen      total 465920K, used 232953K [0x00000000d5580000, 0x0000000100000000, 0x0000000100000000)
  eden space 232960K, 0% used [0x00000000d5580000,0x00000000d5580000,0x00000000e3900000)
  from space 232960K, 99% used [0x00000000e3900000,0x00000000f1c7e7d0,0x00000000f1c80000)
  to   space 232960K, 0% used [0x00000000f1c80000,0x00000000f1c80000,0x0000000100000000)
 ParOldGen       total 482816K, used 408178K [0x0000000080000000, 0x000000009d780000, 0x00000000d5580000)
  object space 482816K, 84% used [0x0000000080000000,0x0000000098e9ca90,0x000000009d780000)
 Metaspace       used 87197K, capacity 92182K, committed 92544K, reserved 1130496K
  class space    used 10997K, capacity 12040K, committed 12160K, reserved 1048576K
}
Event: 1206.515 GC heap before
{Heap before GC invocations=74 (full 13):
 PSYoungGen      total 465920K, used 232953K [0x00000000d5580000, 0x0000000100000000, 0x0000000100000000)
  eden space 232960K, 0% used [0x00000000d5580000,0x00000000d5580000,0x00000000e3900000)
  from space 232960K, 99% used [0x00000000e3900000,0x00000000f1c7e7d0,0x00000000f1c80000)
  to   space 232960K, 0% used [0x00000000f1c80000,0x00000000f1c80000,0x0000000100000000)
 ParOldGen       total 482816K, used 408178K [0x0000000080000000, 0x000000009d780000, 0x00000000d5580000)
  object space 482816K, 84% used [0x0000000080000000,0x0000000098e9ca90,0x000000009d780000)
 Metaspace       used 87197K, capacity 92182K, committed 92544K, reserved 1130496K
  class space    used 10997K, capacity 12040K, committed 12160K, reserved 1048576K
Event: 1208.453 GC heap after
Heap after GC invocations=74 (full 13):
 PSYoungGen      total 465920K, used 0K [0x00000000d5580000, 0x0000000100000000, 0x0000000100000000)
  eden space 232960K, 0% used [0x00000000d5580000,0x00000000d5580000,0x00000000e3900000)
  from space 232960K, 0% used [0x00000000e3900000,0x00000000e3900000,0x00000000f1c80000)
  to   space 232960K, 0% used [0x00000000f1c80000,0x00000000f1c80000,0x0000000100000000)
 ParOldGen       total 487424K, used 277851K [0x0000000080000000, 0x000000009dc00000, 0x00000000d5580000)
  object space 487424K, 57% used [0x0000000080000000,0x0000000090f56ca8,0x000000009dc00000)
 Metaspace       used 87197K, capacity 92182K, committed 92544K, reserved 1130496K
  class space    used 10997K, capacity 12040K, committed 12160K, reserved 1048576K
}
Event: 1208.971 GC heap before
{Heap before GC invocations=75 (full 13):
 PSYoungGen      total 465920K, used 232960K [0x00000000d5580000, 0x0000000100000000, 0x0000000100000000)
  eden space 232960K, 100% used [0x00000000d5580000,0x00000000e3900000,0x00000000e3900000)
  from space 232960K, 0% used [0x00000000e3900000,0x00000000e3900000,0x00000000f1c80000)
  to   space 232960K, 0% used [0x00000000f1c80000,0x00000000f1c80000,0x0000000100000000)
 ParOldGen       total 487424K, used 277851K [0x0000000080000000, 0x000000009dc00000, 0x00000000d5580000)
  object space 487424K, 57% used [0x0000000080000000,0x0000000090f56ca8,0x000000009dc00000)
 Metaspace       used 87197K, capacity 92182K, committed 92544K, reserved 1130496K
  class space    used 10997K, capacity 12040K, committed 12160K, reserved 1048576K
Event: 1209.032 GC heap after
Heap after GC invocations=75 (full 13):
 PSYoungGen      total 465920K, used 93474K [0x00000000d5580000, 0x0000000100000000, 0x0000000100000000)
  eden space 232960K, 0% used [0x00000000d5580000,0x00000000d5580000,0x00000000e3900000)
  from space 232960K, 40% used [0x00000000f1c80000,0x00000000f77c8828,0x0000000100000000)
  to   space 232960K, 0% used [0x00000000e3900000,0x00000000e3900000,0x00000000f1c80000)
 ParOldGen       total 487424K, used 277851K [0x0000000080000000, 0x000000009dc00000, 0x00000000d5580000)
  object space 487424K, 57% used [0x0000000080000000,0x0000000090f56ca8,0x000000009dc00000)
 Metaspace       used 87197K, capacity 92182K, committed 92544K, reserved 1130496K
  class space    used 10997K, capacity 12040K, committed 12160K, reserved 1048576K
}
Event: 1210.019 GC heap before
{Heap before GC invocations=76 (full 13):
 PSYoungGen      total 465920K, used 326434K [0x00000000d5580000, 0x0000000100000000, 0x0000000100000000)
  eden space 232960K, 100% used [0x00000000d5580000,0x00000000e3900000,0x00000000e3900000)
  from space 232960K, 40% used [0x00000000f1c80000,0x00000000f77c8828,0x0000000100000000)
  to   space 232960K, 0% used [0x00000000e3900000,0x00000000e3900000,0x00000000f1c80000)
 ParOldGen       total 487424K, used 277851K [0x0000000080000000, 0x000000009dc00000, 0x00000000d5580000)
  object space 487424K, 57% used [0x0000000080000000,0x0000000090f56ca8,0x000000009dc00000)
 Metaspace       used 87197K, capacity 92182K, committed 92544K, reserved 1130496K
  class space    used 10997K, capacity 12040K, committed 12160K, reserved 1048576K
Event: 1210.194 GC heap after
Heap after GC invocations=76 (full 13):
 PSYoungGen      total 465920K, used 100374K [0x00000000d5580000, 0x0000000100000000, 0x0000000100000000)
  eden space 232960K, 0% used [0x00000000d5580000,0x00000000d5580000,0x00000000e3900000)
  from space 232960K, 43% used [0x00000000e3900000,0x00000000e9b05978,0x00000000f1c80000)
  to   space 232960K, 0% used [0x00000000f1c80000,0x00000000f1c80000,0x0000000100000000)
 ParOldGen       total 487424K, used 277851K [0x0000000080000000, 0x000000009dc00000, 0x00000000d5580000)
  object space 487424K, 57% used [0x0000000080000000,0x0000000090f56ca8,0x000000009dc00000)
 Metaspace       used 87197K, capacity 92182K, committed 92544K, reserved 1130496K
  class space    used 10997K, capacity 12040K, committed 12160K, reserved 1048576K
}
Event: 1211.735 GC heap before
{Heap before GC invocations=77 (full 13):
 PSYoungGen      total 465920K, used 333334K [0x00000000d5580000, 0x0000000100000000, 0x0000000100000000)
  eden space 232960K, 100% used [0x00000000d5580000,0x00000000e3900000,0x00000000e3900000)
  from space 232960K, 43% used [0x00000000e3900000,0x00000000e9b05978,0x00000000f1c80000)
  to   space 232960K, 0% used [0x00000000f1c80000,0x00000000f1c80000,0x0000000100000000)
 ParOldGen       total 487424K, used 277851K [0x0000000080000000, 0x000000009dc00000, 0x00000000d5580000)
  object space 487424K, 57% used [0x0000000080000000,0x0000000090f56ca8,0x000000009dc00000)
 Metaspace       used 87198K, capacity 92182K, committed 92544K, reserved 1130496K
  class space    used 10997K, capacity 12040K, committed 12160K, reserved 1048576K

